TN:
SF:D:\Program Files\webpack-learn\webpack-start-to-escape\chapter04\builder-webpack\lib\webpack.base.js
FN:11,(anonymous_0)
FN:16,(anonymous_1)
FN:72,(anonymous_2)
FN:118,errorPlugin
FN:119,(anonymous_4)
FNF:5
FNH:2
FNDA:1,(anonymous_0)
FNDA:2,(anonymous_1)
FNDA:0,(anonymous_2)
FNDA:0,errorPlugin
FNDA:0,(anonymous_4)
DA:1,1
DA:2,1
DA:3,1
DA:4,1
DA:5,1
DA:6,1
DA:7,1
DA:9,1
DA:11,1
DA:12,1
DA:13,1
DA:14,1
DA:16,1
DA:17,2
DA:20,2
DA:21,2
DA:23,2
DA:24,2
DA:43,1
DA:49,1
DA:51,1
DA:72,0
DA:119,0
DA:120,0
DA:125,0
LF:25
LH:21
BRDA:21,0,0,2
BRDA:21,0,1,2
BRDA:120,1,0,0
BRDA:120,1,1,0
BRDA:121,2,0,0
BRDA:121,2,1,0
BRDA:121,2,2,0
BRF:7
BRH:2
end_of_record
